{"level":"error","message":"This is an error message","timestamp":"2025-06-11T08:47:23.792Z"}
{"level":"info","message":"This is an info message","timestamp":"2025-06-11T08:47:23.796Z"}
{"level":"warn","message":"This is a warning message","timestamp":"2025-06-11T08:47:23.797Z"}
{"level":"error","message":"This is an error message","timestamp":"2025-06-11T08:47:55.789Z"}
{"level":"info","message":"This is an info message","timestamp":"2025-06-11T08:47:55.791Z"}
{"level":"warn","message":"This is a warning message","timestamp":"2025-06-11T08:47:55.792Z"}
{"level":"error","message":"This is an error message","timestamp":"2025-06-11T08:48:07.055Z"}
{"level":"info","message":"This is an info message","timestamp":"2025-06-11T08:48:07.058Z"}
{"level":"warn","message":"This is a warning message","timestamp":"2025-06-11T08:48:07.058Z"}
{"level":"error","message":"This is an error message","timestamp":"2025-06-11T08:48:13.913Z"}
{"level":"info","message":"This is an info message","timestamp":"2025-06-11T08:48:13.915Z"}
{"level":"warn","message":"This is a warning message","timestamp":"2025-06-11T08:48:13.915Z"}
{
  message: 'This is an error message',
  level: 'error',
  timestamp: '2025-06-11T08:49:16.287Z'
}
{
  message: 'This is an info message',
  level: 'info',
  timestamp: '2025-06-11T08:49:16.292Z'
}
{
  message: 'This is a warning message',
  level: 'warn',
  timestamp: '2025-06-11T08:49:16.292Z'
}
{
  message: 'This is an error message',
  level: 'error',
  timestamp: '2025-06-11T11:02:33.307Z'
}
{
  message: 'This is an info message',
  level: 'info',
  timestamp: '2025-06-11T11:02:33.311Z'
}
{
  message: 'This is a warning message',
  level: 'warn',
  timestamp: '2025-06-11T11:02:33.312Z'
}
